2019-01-02 12:55  INFO [pricing-service,] [main] INFO  c.a.p.PricingServiceApplication logStartupProfileInfo - No active profile set, falling back to default profiles: default
2019-01-02 12:55  INFO [pricing-service,] [main] INFO  o.s.b.w.s.c.AnnotationConfigServletWebServerApplicationContext prepareRefresh - Refreshing org.springframework.boot.web.servlet.context.AnnotationConfigServletWebServerApplicationContext@5ddf0d24: startup date [Wed Jan 02 12:55:01 IST 2019]; parent: org.springframework.context.annotation.AnnotationConfigApplicationContext@57250572
2019-01-02 12:55  INFO [pricing-service,] [main] INFO  o.s.b.f.s.DefaultListableBeanFactory registerBeanDefinition - Overriding bean definition for bean 'dataSource' with a different definition: replacing [Root bean: class [null]; scope=refresh; abstract=false; lazyInit=false; autowireMode=3; dependencyCheck=0; autowireCandidate=false; primary=false; factoryBeanName=org.springframework.boot.autoconfigure.jdbc.DataSourceConfiguration$Hikari; factoryMethodName=dataSource; initMethodName=null; destroyMethodName=(inferred); defined in class path resource [org/springframework/boot/autoconfigure/jdbc/DataSourceConfiguration$Hikari.class]] with [Root bean: class [org.springframework.aop.scope.ScopedProxyFactoryBean]; scope=; abstract=false; lazyInit=false; autowireMode=0; dependencyCheck=0; autowireCandidate=true; primary=false; factoryBeanName=null; factoryMethodName=null; initMethodName=null; destroyMethodName=null; defined in BeanDefinition defined in class path resource [org/springframework/boot/autoconfigure/jdbc/DataSourceConfiguration$Hikari.class]]
2019-01-02 12:55  INFO [pricing-service,] [main] INFO  o.s.cloud.context.scope.GenericScope setSerializationId - BeanFactory id=011287ac-115c-34ee-b839-2cdc2508e6a8
2019-01-02 12:55  INFO [pricing-service,] [main] INFO  o.s.b.f.a.AutowiredAnnotationBeanPostProcessor <init> - JSR-330 'javax.inject.Inject' annotation found and supported for autowiring
2019-01-02 12:55  INFO [pricing-service,] [main] INFO  o.s.c.s.PostProcessorRegistrationDelegate$BeanPostProcessorChecker postProcessAfterInitialization - Bean 'org.springframework.transaction.annotation.ProxyTransactionManagementConfiguration' of type [org.springframework.transaction.annotation.ProxyTransactionManagementConfiguration$$EnhancerBySpringCGLIB$$4518a309] is not eligible for getting processed by all BeanPostProcessors (for example: not eligible for auto-proxying)
2019-01-02 12:55  INFO [pricing-service,] [main] INFO  o.s.c.s.PostProcessorRegistrationDelegate$BeanPostProcessorChecker postProcessAfterInitialization - Bean 'org.springframework.cloud.autoconfigure.ConfigurationPropertiesRebinderAutoConfiguration' of type [org.springframework.cloud.autoconfigure.ConfigurationPropertiesRebinderAutoConfiguration$$EnhancerBySpringCGLIB$$6132a606] is not eligible for getting processed by all BeanPostProcessors (for example: not eligible for auto-proxying)
2019-01-02 12:55  INFO [pricing-service,] [main] INFO  o.s.b.w.e.tomcat.TomcatWebServer initialize - Tomcat initialized with port(s): 8181 (http)
2019-01-02 12:55  INFO [pricing-service,] [main] INFO  o.a.catalina.core.StandardService log - Starting service [Tomcat]
2019-01-02 12:55  INFO [pricing-service,] [main] INFO  o.a.catalina.core.StandardEngine log - Starting Servlet Engine: Apache Tomcat/8.5.31
2019-01-02 12:55  INFO [pricing-service,] [localhost-startStop-1] INFO  o.a.c.core.AprLifecycleListener log - The APR based Apache Tomcat Native library which allows optimal performance in production environments was not found on the java.library.path: [C:\Program Files\Java\jdk1.8.0_77\bin;C:\Windows\Sun\Java\bin;C:\Windows\system32;C:\Windows;C:\ProgramData\DockerDesktop\version-bin;C:\Program Files\Docker\Docker\Resources\bin;C:\ProgramData\Oracle\Java\javapath;C:\Windows\system32;C:\Windows;C:\Windows\System32\Wbem;C:\Windows\System32\WindowsPowerShell\v1.0\;C:\Windows\System32\OpenSSH\;C:\Program Files (x86)\CheckPoint\Endpoint Security\Endpoint Common\bin;C:\Program Files\Git\cmd;C:\Program Files\Symantec.cloud\PlatformAgent\;C:\Program Files\nodejs\;C:\Users\sumilon.mondal\AppData\Local\Microsoft\WindowsApps;C:\Users\sumilon.mondal\AppData\Roaming\npm;C:\Users\sumilon.mondal\AppData\Local\Programs\Microsoft VS Code\bin;.]
2019-01-02 12:55  INFO [pricing-service,] [localhost-startStop-1] INFO  o.a.c.c.C.[Tomcat].[localhost].[/] log - Initializing Spring embedded WebApplicationContext
2019-01-02 12:55  INFO [pricing-service,] [localhost-startStop-1] INFO  o.s.web.context.ContextLoader prepareWebApplicationContext - Root WebApplicationContext: initialization completed in 3131 ms
2019-01-02 12:55  WARN [pricing-service,] [localhost-startStop-1] WARN  c.n.c.sources.URLConfigurationSource <init> - No URLs will be polled as dynamic configuration sources.
2019-01-02 12:55  INFO [pricing-service,] [localhost-startStop-1] INFO  c.n.c.sources.URLConfigurationSource <init> - To enable URLs as dynamic configuration sources, define System property archaius.configurationSource.additionalUrls or make config.properties available on classpath.
2019-01-02 12:55  INFO [pricing-service,] [localhost-startStop-1] INFO  c.n.config.DynamicPropertyFactory getInstance - DynamicPropertyFactory is initialized with configuration sources: com.netflix.config.ConcurrentCompositeConfiguration@16ecf77
2019-01-02 12:55  INFO [pricing-service,] [localhost-startStop-1] INFO  o.s.b.w.s.ServletRegistrationBean addRegistration - Servlet dispatcherServlet mapped to [/]
2019-01-02 12:55  INFO [pricing-service,] [localhost-startStop-1] INFO  o.s.b.w.s.FilterRegistrationBean configure - Mapping filter: 'characterEncodingFilter' to: [/*]
2019-01-02 12:55  INFO [pricing-service,] [localhost-startStop-1] INFO  o.s.b.w.s.FilterRegistrationBean configure - Mapping filter: 'hiddenHttpMethodFilter' to: [/*]
2019-01-02 12:55  INFO [pricing-service,] [localhost-startStop-1] INFO  o.s.b.w.s.FilterRegistrationBean configure - Mapping filter: 'httpPutFormContentFilter' to: [/*]
2019-01-02 12:55  INFO [pricing-service,] [localhost-startStop-1] INFO  o.s.b.w.s.FilterRegistrationBean configure - Mapping filter: 'requestContextFilter' to: [/*]
2019-01-02 12:55  INFO [pricing-service,] [localhost-startStop-1] INFO  o.s.b.w.s.FilterRegistrationBean configure - Mapping filter: 'httpTraceFilter' to: [/*]
2019-01-02 12:55  INFO [pricing-service,] [localhost-startStop-1] INFO  o.s.b.w.s.FilterRegistrationBean configure - Mapping filter: 'webMvcMetricsFilter' to: [/*]
2019-01-02 12:55  INFO [pricing-service,] [main] INFO  o.f.c.internal.util.VersionPrinter info - Flyway Community Edition 5.0.7 by Boxfuse
2019-01-02 12:55  INFO [pricing-service,] [main] INFO  com.zaxxer.hikari.HikariDataSource getConnection - HikariPool-1 - Starting...
2019-01-02 12:55  INFO [pricing-service,] [main] INFO  com.zaxxer.hikari.HikariDataSource getConnection - HikariPool-1 - Start completed.
2019-01-02 12:55  INFO [pricing-service,] [main] INFO  o.f.c.i.database.DatabaseFactory info - Database: jdbc:mysql://localhost:3306/ngap1 (MySQL 5.5)
2019-01-02 12:55  INFO [pricing-service,] [main] INFO  o.f.core.internal.command.DbValidate info - Successfully validated 3 migrations (execution time 00:00.026s)
2019-01-02 12:55  INFO [pricing-service,] [main] INFO  o.f.core.internal.command.DbMigrate info - Current version of schema `ngap1`: 3
2019-01-02 12:55  INFO [pricing-service,] [main] INFO  o.f.core.internal.command.DbMigrate info - Schema `ngap1` is up to date. No migration necessary.
2019-01-02 12:55  INFO [pricing-service,] [main] INFO  o.s.o.j.LocalContainerEntityManagerFactoryBean createNativeEntityManagerFactory - Building JPA container EntityManagerFactory for persistence unit 'default'
2019-01-02 12:55  INFO [pricing-service,] [main] INFO  o.h.jpa.internal.util.LogHelper logPersistenceUnitInformation - HHH000204: Processing PersistenceUnitInfo [
	name: default
	...]
2019-01-02 12:55  INFO [pricing-service,] [main] INFO  org.hibernate.Version logVersion - HHH000412: Hibernate Core {5.2.17.Final}
2019-01-02 12:55  INFO [pricing-service,] [main] INFO  org.hibernate.cfg.Environment <clinit> - HHH000206: hibernate.properties not found
2019-01-02 12:55  INFO [pricing-service,] [main] INFO  o.h.annotations.common.Version <clinit> - HCANN000001: Hibernate Commons Annotations {5.0.1.Final}
2019-01-02 12:55  INFO [pricing-service,] [main] INFO  org.hibernate.dialect.Dialect <init> - HHH000400: Using dialect: org.hibernate.dialect.MySQL5Dialect
2019-01-02 12:55  INFO [pricing-service,] [main] INFO  o.s.o.j.LocalContainerEntityManagerFactoryBean buildNativeEntityManagerFactory - Initialized JPA EntityManagerFactory for persistence unit 'default'
2019-01-02 12:55  WARN [pricing-service,] [main] WARN  o.s.b.a.o.j.JpaBaseConfiguration$JpaWebConfiguration$JpaWebMvcConfiguration openEntityManagerInViewInterceptor - spring.jpa.open-in-view is enabled by default. Therefore, database queries may be performed during view rendering. Explicitly configure spring.jpa.open-in-view to disable this warning
2019-01-02 12:55  INFO [pricing-service,] [main] INFO  o.s.w.s.m.m.a.RequestMappingHandlerMapping register - Mapped "{[/v1/get-commodity/{cpId}],methods=[GET]}" onto public org.springframework.http.ResponseEntity<com.agrieasy.pricing.model.CommodityPricing> com.agrieasy.pricing.controller.CommodityController.getCommodityDetailsById(java.lang.Integer) throws java.lang.RuntimeException,com.agrieasy.pricing.exception.CommodityPricingNotFound
2019-01-02 12:55  INFO [pricing-service,] [main] INFO  o.s.w.s.m.m.a.RequestMappingHandlerMapping register - Mapped "{[/v1/check-commodity-pricing/{cpId}],methods=[GET]}" onto public org.springframework.http.ResponseEntity<java.lang.String> com.agrieasy.pricing.controller.CommodityController.checkCommodityPricingId(java.lang.Integer)
2019-01-02 12:55  INFO [pricing-service,] [main] INFO  o.s.w.s.m.m.a.RequestMappingHandlerMapping register - Mapped "{[/v1/get-pricing-basedon-location/{cpLmId}],methods=[POST]}" onto public org.springframework.http.ResponseEntity<java.util.List<com.agrieasy.pricing.model.CommodityPricing>> com.agrieasy.pricing.controller.CommodityController.getPricingBasedOnLocation(java.lang.Integer) throws java.lang.RuntimeException,com.agrieasy.pricing.exception.CommodityPricingNotFound
2019-01-02 12:55  INFO [pricing-service,] [main] INFO  o.s.w.s.m.m.a.RequestMappingHandlerMapping register - Mapped "{[/v1/get-commodity-master],methods=[GET]}" onto public org.springframework.http.ResponseEntity<java.util.List<com.agrieasy.pricing.model.CommodityMaster>> com.agrieasy.pricing.controller.CommodityController.getCommodityMaster() throws java.lang.RuntimeException,com.agrieasy.pricing.exception.CommodityPricingNotFound
2019-01-02 12:55  INFO [pricing-service,] [main] INFO  o.s.w.s.m.m.a.RequestMappingHandlerMapping register - Mapped "{[/v1/get-commodity],methods=[GET]}" onto public org.springframework.http.ResponseEntity<java.util.List<com.agrieasy.pricing.model.CommodityPricing>> com.agrieasy.pricing.controller.CommodityController.getCommodityDetails() throws java.lang.RuntimeException,com.agrieasy.pricing.exception.CommodityPricingNotFound
2019-01-02 12:55  INFO [pricing-service,] [main] INFO  o.s.w.s.m.m.a.RequestMappingHandlerMapping register - Mapped "{[/v1/get-pricing-basedon-commodity/{cpCmId}],methods=[POST]}" onto public org.springframework.http.ResponseEntity<java.util.List<com.agrieasy.pricing.model.CommodityPricing>> com.agrieasy.pricing.controller.CommodityController.getPricingBasedOnCommodity(java.lang.Integer) throws java.lang.RuntimeException,com.agrieasy.pricing.exception.CommodityPricingNotFound
2019-01-02 12:55  INFO [pricing-service,] [main] INFO  o.s.w.s.m.m.a.RequestMappingHandlerMapping register - Mapped "{[/v1/get-location-master],methods=[GET]}" onto public org.springframework.http.ResponseEntity<java.util.List<com.agrieasy.pricing.model.LocationMaster>> com.agrieasy.pricing.controller.CommodityController.getLocationMaster() throws java.lang.RuntimeException,com.agrieasy.pricing.exception.CommodityPricingNotFound
2019-01-02 12:55  INFO [pricing-service,] [main] INFO  o.s.w.s.m.m.a.RequestMappingHandlerMapping register - Mapped "{[/v1/get-commodity-basedon-min_and-max-price/{cpLessPrice}/{cpGreaterPrice}],methods=[POST]}" onto public org.springframework.http.ResponseEntity<java.util.List<com.agrieasy.pricing.model.CommodityPricing>> com.agrieasy.pricing.controller.CommodityController.getCommodityBasedOnMinAndMaxPrice(java.lang.Float,java.lang.Float) throws java.lang.RuntimeException,com.agrieasy.pricing.exception.CommodityPricingNotFound
2019-01-02 12:55  INFO [pricing-service,] [main] INFO  o.s.w.s.m.m.a.RequestMappingHandlerMapping register - Mapped "{[/v1/get-pricing-basedon-commodity-or-location],methods=[POST]}" onto public org.springframework.http.ResponseEntity<java.util.List<com.agrieasy.pricing.model.CommodityPricing>> com.agrieasy.pricing.controller.CommodityController.getCommodityBasedOnMinAndMaxPrice(java.lang.Integer,java.lang.Integer) throws java.lang.RuntimeException,com.agrieasy.pricing.exception.CommodityPricingNotFound
2019-01-02 12:55  INFO [pricing-service,] [main] INFO  o.s.w.s.m.m.a.RequestMappingHandlerMapping register - Mapped "{[/v1/save-commodity],methods=[POST]}" onto public org.springframework.http.ResponseEntity<java.lang.String> com.agrieasy.pricing.controller.CommodityController.saveCommodity(com.agrieasy.pricing.model.CommodityPricing)
2019-01-02 12:55  INFO [pricing-service,] [main] INFO  o.s.w.s.m.m.a.RequestMappingHandlerMapping register - Mapped "{[/v1/get-commodity-name/{cmId}],methods=[GET]}" onto public org.springframework.http.ResponseEntity<java.lang.String> com.agrieasy.pricing.controller.CommodityController.getCommodityById(java.lang.Integer)
2019-01-02 12:55  INFO [pricing-service,] [main] INFO  o.s.w.s.m.m.a.RequestMappingHandlerMapping register - Mapped "{[/v1/get-location-name/{lmId}],methods=[GET]}" onto public org.springframework.http.ResponseEntity<java.lang.String> com.agrieasy.pricing.controller.CommodityController.getLocationById(java.lang.Integer)
2019-01-02 12:55  INFO [pricing-service,] [main] INFO  o.s.w.s.m.m.a.RequestMappingHandlerMapping register - Mapped "{[/swagger-resources/configuration/security]}" onto public org.springframework.http.ResponseEntity<springfox.documentation.swagger.web.SecurityConfiguration> springfox.documentation.swagger.web.ApiResourceController.securityConfiguration()
2019-01-02 12:55  INFO [pricing-service,] [main] INFO  o.s.w.s.m.m.a.RequestMappingHandlerMapping register - Mapped "{[/swagger-resources/configuration/ui]}" onto public org.springframework.http.ResponseEntity<springfox.documentation.swagger.web.UiConfiguration> springfox.documentation.swagger.web.ApiResourceController.uiConfiguration()
2019-01-02 12:55  INFO [pricing-service,] [main] INFO  o.s.w.s.m.m.a.RequestMappingHandlerMapping register - Mapped "{[/swagger-resources]}" onto public org.springframework.http.ResponseEntity<java.util.List<springfox.documentation.swagger.web.SwaggerResource>> springfox.documentation.swagger.web.ApiResourceController.swaggerResources()
2019-01-02 12:55  INFO [pricing-service,] [main] INFO  o.s.w.s.m.m.a.RequestMappingHandlerMapping register - Mapped "{[/error]}" onto public org.springframework.http.ResponseEntity<java.util.Map<java.lang.String, java.lang.Object>> org.springframework.boot.autoconfigure.web.servlet.error.BasicErrorController.error(javax.servlet.http.HttpServletRequest)
2019-01-02 12:55  INFO [pricing-service,] [main] INFO  o.s.w.s.m.m.a.RequestMappingHandlerMapping register - Mapped "{[/error],produces=[text/html]}" onto public org.springframework.web.servlet.ModelAndView org.springframework.boot.autoconfigure.web.servlet.error.BasicErrorController.errorHtml(javax.servlet.http.HttpServletRequest,javax.servlet.http.HttpServletResponse)
2019-01-02 12:55  INFO [pricing-service,] [main] INFO  o.s.b.a.e.web.EndpointLinksResolver <init> - Exposing 2 endpoint(s) beneath base path '/actuator'
2019-01-02 12:55  INFO [pricing-service,] [main] INFO  o.s.b.a.e.w.s.WebMvcEndpointHandlerMapping register - Mapped "{[/actuator/health],methods=[GET],produces=[application/vnd.spring-boot.actuator.v2+json || application/json]}" onto public java.lang.Object org.springframework.boot.actuate.endpoint.web.servlet.AbstractWebMvcEndpointHandlerMapping$OperationHandler.handle(javax.servlet.http.HttpServletRequest,java.util.Map<java.lang.String, java.lang.String>)
2019-01-02 12:55  INFO [pricing-service,] [main] INFO  o.s.b.a.e.w.s.WebMvcEndpointHandlerMapping register - Mapped "{[/actuator/info],methods=[GET],produces=[application/vnd.spring-boot.actuator.v2+json || application/json]}" onto public java.lang.Object org.springframework.boot.actuate.endpoint.web.servlet.AbstractWebMvcEndpointHandlerMapping$OperationHandler.handle(javax.servlet.http.HttpServletRequest,java.util.Map<java.lang.String, java.lang.String>)
2019-01-02 12:55  INFO [pricing-service,] [main] INFO  o.s.b.a.e.w.s.WebMvcEndpointHandlerMapping register - Mapped "{[/actuator],methods=[GET],produces=[application/vnd.spring-boot.actuator.v2+json || application/json]}" onto protected java.util.Map<java.lang.String, java.util.Map<java.lang.String, org.springframework.boot.actuate.endpoint.web.Link>> org.springframework.boot.actuate.endpoint.web.servlet.WebMvcEndpointHandlerMapping.links(javax.servlet.http.HttpServletRequest,javax.servlet.http.HttpServletResponse)
2019-01-02 12:55  INFO [pricing-service,] [main] INFO  s.d.s.w.PropertySourcedRequestMappingHandlerMapping initHandlerMethods - Mapped URL path [/v2/api-docs] onto method [public org.springframework.http.ResponseEntity<springfox.documentation.spring.web.json.Json> springfox.documentation.swagger2.web.Swagger2Controller.getDocumentation(java.lang.String,javax.servlet.http.HttpServletRequest)]
2019-01-02 12:55  WARN [pricing-service,] [main] WARN  c.n.c.sources.URLConfigurationSource <init> - No URLs will be polled as dynamic configuration sources.
2019-01-02 12:55  INFO [pricing-service,] [main] INFO  c.n.c.sources.URLConfigurationSource <init> - To enable URLs as dynamic configuration sources, define System property archaius.configurationSource.additionalUrls or make config.properties available on classpath.
2019-01-02 12:55  INFO [pricing-service,] [main] INFO  o.s.w.s.h.SimpleUrlHandlerMapping registerHandler - Mapped URL path [/**/favicon.ico] onto handler of type [class org.springframework.web.servlet.resource.ResourceHttpRequestHandler]
2019-01-02 12:55  INFO [pricing-service,] [main] INFO  o.s.w.s.m.m.a.RequestMappingHandlerAdapter initControllerAdviceCache - Looking for @ControllerAdvice: org.springframework.boot.web.servlet.context.AnnotationConfigServletWebServerApplicationContext@5ddf0d24: startup date [Wed Jan 02 12:55:01 IST 2019]; parent: org.springframework.context.annotation.AnnotationConfigApplicationContext@57250572
2019-01-02 12:55  INFO [pricing-service,] [main] INFO  o.s.w.s.h.SimpleUrlHandlerMapping registerHandler - Mapped URL path [/webjars/**] onto handler of type [class org.springframework.web.servlet.resource.ResourceHttpRequestHandler]
2019-01-02 12:55  INFO [pricing-service,] [main] INFO  o.s.w.s.h.SimpleUrlHandlerMapping registerHandler - Mapped URL path [/**] onto handler of type [class org.springframework.web.servlet.resource.ResourceHttpRequestHandler]
2019-01-02 12:55  INFO [pricing-service,] [main] INFO  o.s.w.s.m.m.a.ExceptionHandlerExceptionResolver initExceptionHandlerAdviceCache - Detected @ExceptionHandler methods in exceptionHandlerControllerAdvice
2019-01-02 12:55  INFO [pricing-service,] [main] INFO  o.s.u.f.SpringTemplateLoader <init> - SpringTemplateLoader for FreeMarker: using resource loader [org.springframework.boot.web.servlet.context.AnnotationConfigServletWebServerApplicationContext@5ddf0d24: startup date [Wed Jan 02 12:55:01 IST 2019]; parent: org.springframework.context.annotation.AnnotationConfigApplicationContext@57250572] and template loader path [classpath:/templates/]
2019-01-02 12:55  INFO [pricing-service,] [main] INFO  o.s.w.s.v.f.FreeMarkerConfigurer postProcessTemplateLoaders - ClassTemplateLoader for Spring macros added to FreeMarker configuration
2019-01-02 12:55  INFO [pricing-service,] [main] INFO  o.s.j.e.a.AnnotationMBeanExporter afterSingletonsInstantiated - Registering beans for JMX exposure on startup
2019-01-02 12:55  INFO [pricing-service,] [main] INFO  o.s.j.e.a.AnnotationMBeanExporter autodetect - Bean with name 'dataSource' has been autodetected for JMX exposure
2019-01-02 12:55  INFO [pricing-service,] [main] INFO  o.s.j.e.a.AnnotationMBeanExporter autodetect - Bean with name 'environmentManager' has been autodetected for JMX exposure
2019-01-02 12:55  INFO [pricing-service,] [main] INFO  o.s.j.e.a.AnnotationMBeanExporter autodetect - Bean with name 'refreshScope' has been autodetected for JMX exposure
2019-01-02 12:55  INFO [pricing-service,] [main] INFO  o.s.j.e.a.AnnotationMBeanExporter autodetect - Bean with name 'configurationPropertiesRebinder' has been autodetected for JMX exposure
2019-01-02 12:55  INFO [pricing-service,] [main] INFO  o.s.j.e.a.AnnotationMBeanExporter registerBeanInstance - Located managed bean 'environmentManager': registering with JMX server as MBean [org.springframework.cloud.context.environment:name=environmentManager,type=EnvironmentManager]
2019-01-02 12:55  INFO [pricing-service,] [main] INFO  o.s.j.e.a.AnnotationMBeanExporter registerBeanInstance - Located managed bean 'refreshScope': registering with JMX server as MBean [org.springframework.cloud.context.scope.refresh:name=refreshScope,type=RefreshScope]
2019-01-02 12:55  INFO [pricing-service,] [main] INFO  o.s.j.e.a.AnnotationMBeanExporter registerBeanInstance - Located managed bean 'configurationPropertiesRebinder': registering with JMX server as MBean [org.springframework.cloud.context.properties:name=configurationPropertiesRebinder,context=5ddf0d24,type=ConfigurationPropertiesRebinder]
2019-01-02 12:55  INFO [pricing-service,] [main] INFO  o.s.j.e.a.AnnotationMBeanExporter registerBeanInstance - Located MBean 'dataSource': registering with JMX server as MBean [com.zaxxer.hikari:name=dataSource,type=HikariDataSource]
2019-01-02 12:55  INFO [pricing-service,] [main] INFO  o.s.c.s.DefaultLifecycleProcessor start - Starting beans in phase 0
2019-01-02 12:55  INFO [pricing-service,] [main] INFO  o.s.c.n.eureka.InstanceInfoFactory create - Setting initial instance status as: STARTING
2019-01-02 12:55  INFO [pricing-service,] [main] INFO  c.netflix.discovery.DiscoveryClient <init> - Initializing Eureka in region us-east-1
2019-01-02 12:55  INFO [pricing-service,] [main] INFO  c.n.d.p.DiscoveryJerseyProvider <init> - Using JSON encoding codec LegacyJacksonJson
2019-01-02 12:55  INFO [pricing-service,] [main] INFO  c.n.d.p.DiscoveryJerseyProvider <init> - Using JSON decoding codec LegacyJacksonJson
2019-01-02 12:55  INFO [pricing-service,] [main] INFO  c.n.d.p.DiscoveryJerseyProvider <init> - Using XML encoding codec XStreamXml
2019-01-02 12:55  INFO [pricing-service,] [main] INFO  c.n.d.p.DiscoveryJerseyProvider <init> - Using XML decoding codec XStreamXml
2019-01-02 12:55  INFO [pricing-service,] [main] INFO  c.n.d.s.r.aws.ConfigClusterResolver getClusterEndpoints - Resolving eureka endpoints via configuration
2019-01-02 12:55  INFO [pricing-service,] [main] INFO  c.netflix.discovery.DiscoveryClient fetchRegistry - Disable delta property : false
2019-01-02 12:55  INFO [pricing-service,] [main] INFO  c.netflix.discovery.DiscoveryClient fetchRegistry - Single vip registry refresh property : null
2019-01-02 12:55  INFO [pricing-service,] [main] INFO  c.netflix.discovery.DiscoveryClient fetchRegistry - Force full registry fetch : false
2019-01-02 12:55  INFO [pricing-service,] [main] INFO  c.netflix.discovery.DiscoveryClient fetchRegistry - Application is null : false
2019-01-02 12:55  INFO [pricing-service,] [main] INFO  c.netflix.discovery.DiscoveryClient fetchRegistry - Registered Applications size is zero : true
2019-01-02 12:55  INFO [pricing-service,] [main] INFO  c.netflix.discovery.DiscoveryClient fetchRegistry - Application version is -1: true
2019-01-02 12:55  INFO [pricing-service,] [main] INFO  c.netflix.discovery.DiscoveryClient getAndStoreFullRegistry - Getting all instance registry info from the eureka server
2019-01-02 12:55  INFO [pricing-service,] [main] INFO  c.netflix.discovery.DiscoveryClient getAndStoreFullRegistry - The response status is 200
2019-01-02 12:55  INFO [pricing-service,] [main] INFO  c.netflix.discovery.DiscoveryClient initScheduledTasks - Starting heartbeat executor: renew interval is: 30
2019-01-02 12:55  INFO [pricing-service,] [main] INFO  c.n.discovery.InstanceInfoReplicator <init> - InstanceInfoReplicator onDemand update allowed rate per min is 4
2019-01-02 12:55  INFO [pricing-service,] [main] INFO  c.netflix.discovery.DiscoveryClient <init> - Discovery Client initialized at timestamp 1546413914797 with initial instances count: 0
2019-01-02 12:55  INFO [pricing-service,] [main] INFO  o.s.c.n.e.s.EurekaServiceRegistry register - Registering application pricing-service with eureka with status UP
2019-01-02 12:55  INFO [pricing-service,] [main] INFO  c.netflix.discovery.DiscoveryClient notify - Saw local status change event StatusChangeEvent [timestamp=1546413914813, current=UP, previous=STARTING]
2019-01-02 12:55  INFO [pricing-service,] [DiscoveryClient-InstanceInfoReplicator-0] INFO  c.netflix.discovery.DiscoveryClient register - DiscoveryClient_PRICING-SERVICE/pricing-service:84325b0c22f43eb95209b51554445e23: registering service...
2019-01-02 12:55  INFO [pricing-service,] [main] INFO  o.s.c.s.DefaultLifecycleProcessor start - Starting beans in phase 2147483647
2019-01-02 12:55  INFO [pricing-service,] [main] INFO  s.d.s.w.p.DocumentationPluginsBootstrapper start - Context refreshed
2019-01-02 12:55  INFO [pricing-service,] [main] INFO  s.d.s.w.p.DocumentationPluginsBootstrapper start - Found 1 custom documentation plugin(s)
2019-01-02 12:55  INFO [pricing-service,] [main] INFO  s.d.s.w.s.ApiListingReferenceScanner scan - Scanning for api listing references
2019-01-02 12:55  INFO [pricing-service,] [main] INFO  s.d.s.w.r.o.CachingOperationNameGenerator startingWith - Generating unique operation named: getCommodityBasedOnMinAndMaxPriceUsingPOST_1
2019-01-02 12:55  INFO [pricing-service,] [DiscoveryClient-InstanceInfoReplicator-0] INFO  c.netflix.discovery.DiscoveryClient register - DiscoveryClient_PRICING-SERVICE/pricing-service:84325b0c22f43eb95209b51554445e23 - registration status: 204
2019-01-02 12:55  INFO [pricing-service,] [main] INFO  o.s.b.w.e.tomcat.TomcatWebServer start - Tomcat started on port(s): 8181 (http) with context path ''
2019-01-02 12:55  INFO [pricing-service,] [main] INFO  o.s.c.n.e.s.EurekaAutoServiceRegistration onApplicationEvent - Updating port to 8181
2019-01-02 12:55  INFO [pricing-service,] [main] INFO  c.a.p.PricingServiceApplication logStarted - Started PricingServiceApplication in 17.828 seconds (JVM running for 19.518)
2019-01-02 12:55  INFO [pricing-service,] [DiscoveryClient-CacheRefreshExecutor-0] INFO  c.netflix.discovery.DiscoveryClient fetchRegistry - Disable delta property : false
2019-01-02 12:55  INFO [pricing-service,] [DiscoveryClient-CacheRefreshExecutor-0] INFO  c.netflix.discovery.DiscoveryClient fetchRegistry - Single vip registry refresh property : null
2019-01-02 12:55  INFO [pricing-service,] [DiscoveryClient-CacheRefreshExecutor-0] INFO  c.netflix.discovery.DiscoveryClient fetchRegistry - Force full registry fetch : false
2019-01-02 12:55  INFO [pricing-service,] [DiscoveryClient-CacheRefreshExecutor-0] INFO  c.netflix.discovery.DiscoveryClient fetchRegistry - Application is null : false
2019-01-02 12:55  INFO [pricing-service,] [DiscoveryClient-CacheRefreshExecutor-0] INFO  c.netflix.discovery.DiscoveryClient fetchRegistry - Registered Applications size is zero : true
2019-01-02 12:55  INFO [pricing-service,] [DiscoveryClient-CacheRefreshExecutor-0] INFO  c.netflix.discovery.DiscoveryClient fetchRegistry - Application version is -1: false
2019-01-02 12:55  INFO [pricing-service,] [DiscoveryClient-CacheRefreshExecutor-0] INFO  c.netflix.discovery.DiscoveryClient getAndStoreFullRegistry - Getting all instance registry info from the eureka server
2019-01-02 12:55  INFO [pricing-service,] [DiscoveryClient-CacheRefreshExecutor-0] INFO  c.netflix.discovery.DiscoveryClient getAndStoreFullRegistry - The response status is 200
2019-01-02 13:00  INFO [pricing-service,] [AsyncResolver-bootstrap-executor-0] INFO  c.n.d.s.r.aws.ConfigClusterResolver getClusterEndpoints - Resolving eureka endpoints via configuration
2019-01-02 13:05  INFO [pricing-service,] [AsyncResolver-bootstrap-executor-0] INFO  c.n.d.s.r.aws.ConfigClusterResolver getClusterEndpoints - Resolving eureka endpoints via configuration
2019-01-02 13:10  INFO [pricing-service,] [AsyncResolver-bootstrap-executor-0] INFO  c.n.d.s.r.aws.ConfigClusterResolver getClusterEndpoints - Resolving eureka endpoints via configuration
2019-01-02 13:15  INFO [pricing-service,] [AsyncResolver-bootstrap-executor-0] INFO  c.n.d.s.r.aws.ConfigClusterResolver getClusterEndpoints - Resolving eureka endpoints via configuration
2019-01-02 13:16  INFO [pricing-service,] [RMI TCP Connection(2)-127.0.0.1] INFO  o.s.b.a.SpringApplicationAdminMXBeanRegistrar$SpringApplicationAdmin shutdown - Application shutdown requested.
2019-01-02 13:16  INFO [pricing-service,] [RMI TCP Connection(2)-127.0.0.1] INFO  o.s.b.w.s.c.AnnotationConfigServletWebServerApplicationContext doClose - Closing org.springframework.boot.web.servlet.context.AnnotationConfigServletWebServerApplicationContext@5ddf0d24: startup date [Wed Jan 02 12:55:01 IST 2019]; parent: org.springframework.context.annotation.AnnotationConfigApplicationContext@57250572
2019-01-02 13:16  INFO [pricing-service,] [RMI TCP Connection(2)-127.0.0.1] INFO  o.s.c.n.e.s.EurekaServiceRegistry deregister - Unregistering application pricing-service with eureka with status DOWN
2019-01-02 13:16  WARN [pricing-service,] [RMI TCP Connection(2)-127.0.0.1] WARN  c.netflix.discovery.DiscoveryClient notify - Saw local status change event StatusChangeEvent [timestamp=1546415195912, current=DOWN, previous=UP]
2019-01-02 13:16  INFO [pricing-service,] [DiscoveryClient-InstanceInfoReplicator-0] INFO  c.netflix.discovery.DiscoveryClient register - DiscoveryClient_PRICING-SERVICE/pricing-service:84325b0c22f43eb95209b51554445e23: registering service...
2019-01-02 13:16  INFO [pricing-service,] [RMI TCP Connection(2)-127.0.0.1] INFO  o.s.c.s.DefaultLifecycleProcessor stop - Stopping beans in phase 2147483647
2019-01-02 13:16  INFO [pricing-service,] [RMI TCP Connection(2)-127.0.0.1] INFO  o.s.c.s.DefaultLifecycleProcessor stop - Stopping beans in phase 0
2019-01-02 13:16  INFO [pricing-service,] [RMI TCP Connection(2)-127.0.0.1] INFO  o.s.j.e.a.AnnotationMBeanExporter destroy - Unregistering JMX-exposed beans on shutdown
2019-01-02 13:16  INFO [pricing-service,] [RMI TCP Connection(2)-127.0.0.1] INFO  o.s.j.e.a.AnnotationMBeanExporter unregisterBeans - Unregistering JMX-exposed beans
2019-01-02 13:16  INFO [pricing-service,] [DiscoveryClient-InstanceInfoReplicator-0] INFO  c.netflix.discovery.DiscoveryClient register - DiscoveryClient_PRICING-SERVICE/pricing-service:84325b0c22f43eb95209b51554445e23 - registration status: 204
2019-01-02 13:16  INFO [pricing-service,] [RMI TCP Connection(2)-127.0.0.1] INFO  o.s.o.j.LocalContainerEntityManagerFactoryBean destroy - Closing JPA EntityManagerFactory for persistence unit 'default'
2019-01-02 13:16  INFO [pricing-service,] [RMI TCP Connection(2)-127.0.0.1] INFO  c.netflix.discovery.DiscoveryClient shutdown - Shutting down DiscoveryClient ...
